<?xml version="1.0" encoding="UTF-8"?>
<!-- Generated by org.testng.reporters.JUnitXMLReporter -->
<testsuite hostname="lenovo-PC" ignored="0" name="Test" tests="4" failures="0" timestamp="30 Aug 2021 03:40:53 GMT" time="21.29" errors="0">
  <testcase name="verifyEnegrylblChk" time="0.559" classname="tests.ChkBoxBtnTest"/>
  <testcase name="verifyEnegrylblChk" time="0.463" classname="tests.ChkBoxBtnTest"/>
  <testcase name="verifyEnegrylblChk" time="0.466" classname="tests.ChkBoxBtnTest"/>
  <testcase name="verifyEnegrylblChk" time="0.431" classname="tests.ChkBoxBtnTest"/>
</testsuite> <!-- Test -->
