<?xml version="1.0" encoding="UTF-8"?>
<!-- Generated by org.testng.reporters.JUnitXMLReporter -->
<testsuite hostname="lenovo-PC" ignored="0" name="form-MediaTest" tests="23" failures="0" timestamp="30 Aug 2021 12:33:29 GMT" time="135.897" errors="0">
  <testcase name="verifyEnegrylblChk" time="0.963" classname="tests.RadioBtnTest"/>
  <testcase name="verifyEnegrylblChk" time="0.425" classname="tests.RadioBtnTest"/>
  <testcase name="verifyEnegrylblChk" time="0.474" classname="tests.RadioBtnTest"/>
  <testcase name="verifyEnegrylblChk" time="0.475" classname="tests.RadioBtnTest"/>
  <testcase name="verifyEngeryCombinationRadioBtnChk" time="0.872" classname="tests.RadioBtnTest"/>
  <testcase name="verifyEngeryCombinationRadioBtnChk" time="0.986" classname="tests.RadioBtnTest"/>
  <testcase name="verifyEngeryCombinationRadioBtnChk" time="0.641" classname="tests.RadioBtnTest"/>
  <testcase name="verifyScoreChk" time="0.442" classname="tests.RadioBtnTest"/>
  <testcase name="verifyScoreChk" time="0.436" classname="tests.RadioBtnTest"/>
  <testcase name="verifyScoreChk" time="0.481" classname="tests.RadioBtnTest"/>
  <testcase name="verifyScoreChk" time="0.436" classname="tests.RadioBtnTest"/>
  <testcase name="verifyCityChkBoxSelection" time="0.522" classname="tests.ChkBoxTest"/>
  <testcase name="verifyCityChkBoxSelection" time="0.415" classname="tests.ChkBoxTest"/>
  <testcase name="verifyCityChkBoxSelection" time="0.455" classname="tests.ChkBoxTest"/>
  <testcase name="verifyEnergyCombinationChkBox" time="0.798" classname="tests.ChkBoxTest"/>
  <testcase name="verifyEnergyCombinationChkBox" time="0.868" classname="tests.ChkBoxTest"/>
  <testcase name="verifyEnergyCombinationChkBox" time="0.835" classname="tests.ChkBoxTest"/>
  <testcase name="verifyDropDownTest" time="0.714" classname="tests.DropDwnTest"/>
  <testcase name="verifyDropDownTest" time="0.734" classname="tests.DropDwnTest"/>
  <testcase name="verifyDropDownTest" time="1.149" classname="tests.DropDwnTest"/>
  <testcase name="verifyAsciiCharacterInput" time="0.027" classname="tests.InputTest"/>
  <testcase name="verifyDateInput" time="0.926" classname="tests.InputTest"/>
  <testcase name="verifyFormPageUI" time="0.003" classname="tests.UICheckTest"/>
</testsuite> <!-- form-MediaTest -->
